c:\users\chold\college work\computer vision\voxellabeling\x64\release\vc143.pdb
c:\users\chold\college work\computer vision\voxellabeling\x64\release\general.obj
c:\users\chold\college work\computer vision\voxellabeling\x64\release\main.obj
c:\users\chold\college work\computer vision\voxellabeling\x64\release\camera.obj
c:\users\chold\college work\computer vision\voxellabeling\x64\release\arcball.obj
c:\users\chold\college work\computer vision\voxellabeling\x64\release\scene3drenderer.obj
c:\users\chold\college work\computer vision\voxellabeling\x64\release\reconstructor.obj
c:\users\chold\college work\computer vision\voxellabeling\x64\release\glut.obj
c:\users\chold\college work\computer vision\voxellabeling\x64\release\voxelreconstruction.obj
c:\users\chold\college work\computer vision\voxellabeling\x64\release\voxelreconstruction.exe
c:\users\chold\college work\computer vision\voxellabeling\x64\release\voxelreconstruction.pdb
c:\users\chold\college work\computer vision\voxellabeling\x64\release\voxelreconstruction.ipdb
c:\users\chold\college work\computer vision\voxellabeling\x64\release\voxelreconstruction.iobj
c:\users\chold\college work\computer vision\voxellabeling\x64\release\voxelrec.d024333b.tlog\cl.command.1.tlog
c:\users\chold\college work\computer vision\voxellabeling\x64\release\voxelrec.d024333b.tlog\cl.read.1.tlog
c:\users\chold\college work\computer vision\voxellabeling\x64\release\voxelrec.d024333b.tlog\cl.write.1.tlog
c:\users\chold\college work\computer vision\voxellabeling\x64\release\voxelrec.d024333b.tlog\link.command.1.tlog
c:\users\chold\college work\computer vision\voxellabeling\x64\release\voxelrec.d024333b.tlog\link.read.1.tlog
c:\users\chold\college work\computer vision\voxellabeling\x64\release\voxelrec.d024333b.tlog\link.write.1.tlog
c:\users\chold\college work\computer vision\voxellabeling\x64\release\voxelrec.d024333b.tlog\voxelreconstruction.write.1u.tlog
